c:\__ibu\fanshawe college\classes materials\graphics 1\model loading\model loading\model loading\x64\debug\vc143.pdb
c:\__ibu\fanshawe college\classes materials\graphics 1\model loading\model loading\model loading\x64\debug\vc143.idb
c:\__ibu\fanshawe college\classes materials\graphics 1\model loading\model loading\model loading\x64\debug\glad.obj
c:\__ibu\fanshawe college\classes materials\graphics 1\model loading\model loading\model loading\x64\debug\shader.obj
c:\__ibu\fanshawe college\classes materials\graphics 1\model loading\model loading\model loading\x64\debug\model.obj
c:\__ibu\fanshawe college\classes materials\graphics 1\model loading\model loading\model loading\x64\debug\mesh.obj
c:\__ibu\fanshawe college\classes materials\graphics 1\model loading\model loading\model loading\x64\debug\main.obj
c:\__ibu\fanshawe college\classes materials\graphics 1\model loading\model loading\model loading\x64\debug\lightmanager.obj
c:\__ibu\fanshawe college\classes materials\graphics 1\model loading\model loading\model loading\x64\debug\camera.obj
c:\__ibu\fanshawe college\classes materials\graphics 1\model loading\model loading\model loading\x64\debug\textureload.obj
c:\__ibu\fanshawe college\classes materials\graphics 1\model loading\model loading\x64\debug\model loading.exe
c:\__ibu\fanshawe college\classes materials\graphics 1\model loading\model loading\model loading\x64\debug\model loading.ilk
c:\__ibu\fanshawe college\classes materials\graphics 1\model loading\model loading\x64\debug\model loading.pdb
c:\__ibu\fanshawe college\classes materials\graphics 1\model loading\model loading\model loading\x64\debug\model loading.tlog\cl.command.1.tlog
c:\__ibu\fanshawe college\classes materials\graphics 1\model loading\model loading\model loading\x64\debug\model loading.tlog\cl.items.tlog
c:\__ibu\fanshawe college\classes materials\graphics 1\model loading\model loading\model loading\x64\debug\model loading.tlog\cl.read.1.tlog
c:\__ibu\fanshawe college\classes materials\graphics 1\model loading\model loading\model loading\x64\debug\model loading.tlog\cl.write.1.tlog
c:\__ibu\fanshawe college\classes materials\graphics 1\model loading\model loading\model loading\x64\debug\model loading.tlog\link.command.1.tlog
c:\__ibu\fanshawe college\classes materials\graphics 1\model loading\model loading\model loading\x64\debug\model loading.tlog\link.read.1.tlog
c:\__ibu\fanshawe college\classes materials\graphics 1\model loading\model loading\model loading\x64\debug\model loading.tlog\link.write.1.tlog
